TN:
SF:events.js
FNF:0
FNH:0
DA:3,1
DA:4,1
DA:5,1
LF:3
LH:3
BRF:0
BRH:0
end_of_record
TN:
SF:src/caps.js
FN:9,(anonymous_0)
FNF:1
FNH:0
FNDA:0,(anonymous_0)
DA:3,1
DA:4,1
DA:5,1
DA:9,1
DA:10,0
DA:14,1
DA:15,1
DA:16,1
LF:8
LH:7
BRF:0
BRH:0
end_of_record
TN:
SF:src/driver.js
FN:6,pickUp
FN:9,(anonymous_1)
FN:15,delivered
FN:19,(anonymous_3)
FNF:4
FNH:2
FNDA:2,pickUp
FNDA:0,(anonymous_1)
FNDA:1,delivered
FNDA:0,(anonymous_3)
DA:3,1
DA:7,2
DA:8,2
DA:9,2
DA:10,0
DA:16,1
DA:17,1
DA:18,1
DA:19,1
DA:20,0
DA:21,0
DA:25,1
LF:12
LH:9
BRF:0
BRH:0
end_of_record
TN:
SF:src/vendor.js
FN:10,createOrder
FN:20,newOrder
FN:30,thankYou
FNF:3
FNH:3
FNDA:1,createOrder
FNDA:1,newOrder
FNDA:1,thankYou
DA:4,1
DA:5,1
DA:6,1
DA:7,1
DA:11,1
DA:17,1
DA:21,1
DA:32,1
DA:33,1
DA:34,1
DA:35,1
DA:39,1
LF:12
LH:12
BRF:0
BRH:0
end_of_record
